============================= test session starts ==============================
platform linux -- Python 3.12.3, pytest-9.0.2, pluggy-1.6.0 -- /usr/bin/python
cachedir: .pytest_cache
rootdir: /home/claude/CS846-Week9-Testing/problem_A
collecting ... collected 10 items

test_checkout_v2_repaired.py::test_in_stock_succeeds PASSED              [ 10%]
test_checkout_v2_repaired.py::test_out_of_stock_raises PASSED            [ 20%]
test_checkout_v2_repaired.py::test_bundle_discount_boundary[2-False] PASSED [ 30%]
test_checkout_v2_repaired.py::test_bundle_discount_boundary[3-False] PASSED [ 40%]
test_checkout_v2_repaired.py::test_bundle_discount_boundary[4-True] PASSED [ 50%]
test_checkout_v2_repaired.py::test_summer20_discount PASSED              [ 60%]
test_checkout_v2_repaired.py::test_tax_calculation PASSED                [ 70%]
test_checkout_v2_repaired.py::test_shipping_uses_subtotal PASSED         [ 80%]
test_checkout_v2_repaired.py::test_shipping_free_above_50 PASSED         [ 90%]
test_checkout_v2_repaired.py::test_flash5_allowed_with_vip PASSED        [100%]

============================== 10 passed in 0.11s ==============================
